Flow report for c4e6e10
Tue Nov 24 00:25:05 2020
Quartus Prime Version 20.1.1 Build 720 11/11/2020 SJ Lite Edition


---------------------
; Table of Contents ;
---------------------
  1. Legal Notice
  2. Flow Summary
  3. Flow Settings
  4. Flow Non-Default Global Settings
  5. Flow Elapsed Time
  6. Flow OS Summary
  7. Flow Log
  8. Flow Messages
  9. Flow Suppressed Messages



----------------
; Legal Notice ;
----------------
Copyright (C) 2020  Intel Corporation. All rights reserved.
Your use of Intel Corporation's design tools, logic functions 
and other software and tools, and any partner logic 
functions, and any output files from any of the foregoing 
(including device programming or simulation files), and any 
associated documentation or information are expressly subject 
to the terms and conditions of the Intel Program License 
Subscription Agreement, the Intel Quartus Prime License Agreement,
the Intel FPGA IP License Agreement, or other applicable license
agreement, including, without limitation, that your use is for
the sole purpose of programming logic devices manufactured by
Intel and sold by Intel or its authorized distributors.  Please
refer to the applicable agreement for further details, at
https://fpgasoftware.intel.com/eula.



+----------------------------------------------------------------------------------+
; Flow Summary                                                                     ;
+------------------------------------+---------------------------------------------+
; Flow Status                        ; Successful - Tue Nov 24 00:25:02 2020       ;
; Quartus Prime Version              ; 20.1.1 Build 720 11/11/2020 SJ Lite Edition ;
; Revision Name                      ; c4e6e10                                     ;
; Top-level Entity Name              ; c4e6e10                                     ;
; Family                             ; Cyclone IV E                                ;
; Device                             ; EP4CE10E22C8                                ;
; Timing Models                      ; Final                                       ;
; Total logic elements               ; 4,123 / 10,320 ( 40 % )                     ;
;     Total combinational functions  ; 3,821 / 10,320 ( 37 % )                     ;
;     Dedicated logic registers      ; 2,032 / 10,320 ( 20 % )                     ;
; Total registers                    ; 2032                                        ;
; Total pins                         ; 3 / 92 ( 3 % )                              ;
; Total virtual pins                 ; 0                                           ;
; Total memory bits                  ; 280,832 / 423,936 ( 66 % )                  ;
; Embedded Multiplier 9-bit elements ; 0 / 46 ( 0 % )                              ;
; Total PLLs                         ; 0 / 2 ( 0 % )                               ;
+------------------------------------+---------------------------------------------+


+-----------------------------------------+
; Flow Settings                           ;
+-------------------+---------------------+
; Option            ; Setting             ;
+-------------------+---------------------+
; Start date & time ; 11/24/2020 00:24:09 ;
; Main task         ; Compilation         ;
; Revision Name     ; c4e6e10             ;
+-------------------+---------------------+


+---------------------------------------------------------------------------------------------------+
; Flow Non-Default Global Settings                                                                  ;
+-----------------------+--------------------------------+---------------+-------------+------------+
; Assignment Name       ; Value                          ; Default Value ; Entity Name ; Section Id ;
+-----------------------+--------------------------------+---------------+-------------+------------+
; COMPILER_SIGNATURE_ID ; 79349036586562.160619544912324 ; --            ; --          ; --         ;
+-----------------------+--------------------------------+---------------+-------------+------------+


+--------------------------------------------------------------------------------------------------------------------------+
; Flow Elapsed Time                                                                                                        ;
+----------------------+--------------+-------------------------+---------------------+------------------------------------+
; Module Name          ; Elapsed Time ; Average Processors Used ; Peak Virtual Memory ; Total CPU Time (on all processors) ;
+----------------------+--------------+-------------------------+---------------------+------------------------------------+
; Analysis & Synthesis ; 00:00:34     ; 1.0                     ; 803 MB              ; 00:00:47                           ;
; Fitter               ; 00:00:15     ; 1.2                     ; 1036 MB             ; 00:00:22                           ;
; Assembler            ; 00:00:01     ; 1.0                     ; 365 MB              ; 00:00:01                           ;
; Timing Analyzer      ; 00:00:03     ; 1.4                     ; 523 MB              ; 00:00:04                           ;
; Total                ; 00:00:53     ; --                      ; --                  ; 00:01:14                           ;
+----------------------+--------------+-------------------------+---------------------+------------------------------------+


+----------------------------------------------------------------------------------------+
; Flow OS Summary                                                                        ;
+----------------------+------------------+----------------+------------+----------------+
; Module Name          ; Machine Hostname ; OS Name        ; OS Version ; Processor type ;
+----------------------+------------------+----------------+------------+----------------+
; Analysis & Synthesis ; ferney-pc        ; Ubuntu 20.04.1 ; 20         ; x86_64         ;
; Fitter               ; ferney-pc        ; Ubuntu 20.04.1 ; 20         ; x86_64         ;
; Assembler            ; ferney-pc        ; Ubuntu 20.04.1 ; 20         ; x86_64         ;
; Timing Analyzer      ; ferney-pc        ; Ubuntu 20.04.1 ; 20         ; x86_64         ;
+----------------------+------------------+----------------+------------+----------------+


------------
; Flow Log ;
------------
quartus_map --read_settings_files=on --write_settings_files=off c4e6e10 -c c4e6e10
quartus_fit --read_settings_files=off --write_settings_files=off c4e6e10 -c c4e6e10
quartus_asm --read_settings_files=off --write_settings_files=off c4e6e10 -c c4e6e10
quartus_sta c4e6e10 -c c4e6e10



